2024-09-05 15:37:35,302 [Worker-1: Loading available Gradle versions] INFO  o.e.b.c.i.u.g.PublishedGradleVersions - Gradle version information cache is up-to-date. Trying to read.
2024-09-05 15:38:18,132 [Worker-6: Launching mavenrun-281683de-1422-4548-9d76-53c695a7742c] INFO  o.eclipse.m2e.core.internal.Bundles - getClasspathEntries(Bundle=org.eclipse.m2e.maven.runtime_3.9.700.20240602-2313 [359])
2024-09-05 15:38:18,135 [Worker-6: Launching mavenrun-281683de-1422-4548-9d76-53c695a7742c] INFO  o.eclipse.m2e.core.internal.Bundles - 	Entry: D:\sts-4.24.0.RELEASE\plugins\org.eclipse.m2e.maven.runtime_3.9.700.20240602-2313
2024-09-05 15:38:18,136 [Worker-6: Launching mavenrun-281683de-1422-4548-9d76-53c695a7742c] INFO  o.eclipse.m2e.core.internal.Bundles - 	Entry: D:\sts-4.24.0.RELEASE\plugins\org.eclipse.m2e.maven.runtime_3.9.700.20240602-2313\jars\aopalliance-1.0.jar
2024-09-05 15:38:18,136 [Worker-6: Launching mavenrun-281683de-1422-4548-9d76-53c695a7742c] INFO  o.eclipse.m2e.core.internal.Bundles - 	Entry: D:\sts-4.24.0.RELEASE\plugins\org.eclipse.m2e.maven.runtime_3.9.700.20240602-2313\jars\guice-5.1.0.jar
2024-09-05 15:38:18,136 [Worker-6: Launching mavenrun-281683de-1422-4548-9d76-53c695a7742c] INFO  o.eclipse.m2e.core.internal.Bundles - 	Entry: D:\sts-4.24.0.RELEASE\plugins\org.eclipse.m2e.maven.runtime_3.9.700.20240602-2313\jars\httpclient-4.5.14.jar
2024-09-05 15:38:18,137 [Worker-6: Launching mavenrun-281683de-1422-4548-9d76-53c695a7742c] INFO  o.eclipse.m2e.core.internal.Bundles - 	Entry: D:\sts-4.24.0.RELEASE\plugins\org.eclipse.m2e.maven.runtime_3.9.700.20240602-2313\jars\httpcore-4.4.16.jar
2024-09-05 15:38:18,137 [Worker-6: Launching mavenrun-281683de-1422-4548-9d76-53c695a7742c] INFO  o.eclipse.m2e.core.internal.Bundles - 	Entry: D:\sts-4.24.0.RELEASE\plugins\org.eclipse.m2e.maven.runtime_3.9.700.20240602-2313\jars\jansi-2.4.1.jar
2024-09-05 15:38:18,137 [Worker-6: Launching mavenrun-281683de-1422-4548-9d76-53c695a7742c] INFO  o.eclipse.m2e.core.internal.Bundles - 	Entry: D:\sts-4.24.0.RELEASE\plugins\org.eclipse.m2e.maven.runtime_3.9.700.20240602-2313\jars\jcl-over-slf4j-1.7.36.jar
2024-09-05 15:38:18,137 [Worker-6: Launching mavenrun-281683de-1422-4548-9d76-53c695a7742c] INFO  o.eclipse.m2e.core.internal.Bundles - 	Entry: D:\sts-4.24.0.RELEASE\plugins\org.eclipse.m2e.maven.runtime_3.9.700.20240602-2313\jars\maven-artifact-3.9.7.jar
2024-09-05 15:38:18,137 [Worker-6: Launching mavenrun-281683de-1422-4548-9d76-53c695a7742c] INFO  o.eclipse.m2e.core.internal.Bundles - 	Entry: D:\sts-4.24.0.RELEASE\plugins\org.eclipse.m2e.maven.runtime_3.9.700.20240602-2313\jars\maven-builder-support-3.9.7.jar
2024-09-05 15:38:18,137 [Worker-6: Launching mavenrun-281683de-1422-4548-9d76-53c695a7742c] INFO  o.eclipse.m2e.core.internal.Bundles - 	Entry: D:\sts-4.24.0.RELEASE\plugins\org.eclipse.m2e.maven.runtime_3.9.700.20240602-2313\jars\maven-compat-3.9.7.jar
2024-09-05 15:38:18,137 [Worker-6: Launching mavenrun-281683de-1422-4548-9d76-53c695a7742c] INFO  o.eclipse.m2e.core.internal.Bundles - 	Entry: D:\sts-4.24.0.RELEASE\plugins\org.eclipse.m2e.maven.runtime_3.9.700.20240602-2313\jars\maven-core-3.9.7.jar
2024-09-05 15:38:18,137 [Worker-6: Launching mavenrun-281683de-1422-4548-9d76-53c695a7742c] INFO  o.eclipse.m2e.core.internal.Bundles - 	Entry: D:\sts-4.24.0.RELEASE\plugins\org.eclipse.m2e.maven.runtime_3.9.700.20240602-2313\jars\maven-embedder-3.9.7.jar
2024-09-05 15:38:18,137 [Worker-6: Launching mavenrun-281683de-1422-4548-9d76-53c695a7742c] INFO  o.eclipse.m2e.core.internal.Bundles - 	Entry: D:\sts-4.24.0.RELEASE\plugins\org.eclipse.m2e.maven.runtime_3.9.700.20240602-2313\jars\maven-model-3.9.7.jar
2024-09-05 15:38:18,137 [Worker-6: Launching mavenrun-281683de-1422-4548-9d76-53c695a7742c] INFO  o.eclipse.m2e.core.internal.Bundles - 	Entry: D:\sts-4.24.0.RELEASE\plugins\org.eclipse.m2e.maven.runtime_3.9.700.20240602-2313\jars\maven-model-builder-3.9.7.jar
2024-09-05 15:38:18,137 [Worker-6: Launching mavenrun-281683de-1422-4548-9d76-53c695a7742c] INFO  o.eclipse.m2e.core.internal.Bundles - 	Entry: D:\sts-4.24.0.RELEASE\plugins\org.eclipse.m2e.maven.runtime_3.9.700.20240602-2313\jars\maven-plugin-api-3.9.7.jar
2024-09-05 15:38:18,137 [Worker-6: Launching mavenrun-281683de-1422-4548-9d76-53c695a7742c] INFO  o.eclipse.m2e.core.internal.Bundles - 	Entry: D:\sts-4.24.0.RELEASE\plugins\org.eclipse.m2e.maven.runtime_3.9.700.20240602-2313\jars\maven-repository-metadata-3.9.7.jar
2024-09-05 15:38:18,137 [Worker-6: Launching mavenrun-281683de-1422-4548-9d76-53c695a7742c] INFO  o.eclipse.m2e.core.internal.Bundles - 	Entry: D:\sts-4.24.0.RELEASE\plugins\org.eclipse.m2e.maven.runtime_3.9.700.20240602-2313\jars\maven-resolver-api-1.9.20.jar
2024-09-05 15:38:18,137 [Worker-6: Launching mavenrun-281683de-1422-4548-9d76-53c695a7742c] INFO  o.eclipse.m2e.core.internal.Bundles - 	Entry: D:\sts-4.24.0.RELEASE\plugins\org.eclipse.m2e.maven.runtime_3.9.700.20240602-2313\jars\maven-resolver-connector-basic-1.9.20.jar
2024-09-05 15:38:18,137 [Worker-6: Launching mavenrun-281683de-1422-4548-9d76-53c695a7742c] INFO  o.eclipse.m2e.core.internal.Bundles - 	Entry: D:\sts-4.24.0.RELEASE\plugins\org.eclipse.m2e.maven.runtime_3.9.700.20240602-2313\jars\maven-resolver-impl-1.9.20.jar
2024-09-05 15:38:18,137 [Worker-6: Launching mavenrun-281683de-1422-4548-9d76-53c695a7742c] INFO  o.eclipse.m2e.core.internal.Bundles - 	Entry: D:\sts-4.24.0.RELEASE\plugins\org.eclipse.m2e.maven.runtime_3.9.700.20240602-2313\jars\maven-resolver-named-locks-1.9.20.jar
2024-09-05 15:38:18,138 [Worker-6: Launching mavenrun-281683de-1422-4548-9d76-53c695a7742c] INFO  o.eclipse.m2e.core.internal.Bundles - 	Entry: D:\sts-4.24.0.RELEASE\plugins\org.eclipse.m2e.maven.runtime_3.9.700.20240602-2313\jars\maven-resolver-provider-3.9.7.jar
2024-09-05 15:38:18,138 [Worker-6: Launching mavenrun-281683de-1422-4548-9d76-53c695a7742c] INFO  o.eclipse.m2e.core.internal.Bundles - 	Entry: D:\sts-4.24.0.RELEASE\plugins\org.eclipse.m2e.maven.runtime_3.9.700.20240602-2313\jars\maven-resolver-spi-1.9.20.jar
2024-09-05 15:38:18,138 [Worker-6: Launching mavenrun-281683de-1422-4548-9d76-53c695a7742c] INFO  o.eclipse.m2e.core.internal.Bundles - 	Entry: D:\sts-4.24.0.RELEASE\plugins\org.eclipse.m2e.maven.runtime_3.9.700.20240602-2313\jars\maven-resolver-transport-file-1.9.20.jar
2024-09-05 15:38:18,138 [Worker-6: Launching mavenrun-281683de-1422-4548-9d76-53c695a7742c] INFO  o.eclipse.m2e.core.internal.Bundles - 	Entry: D:\sts-4.24.0.RELEASE\plugins\org.eclipse.m2e.maven.runtime_3.9.700.20240602-2313\jars\maven-resolver-transport-http-1.9.20.jar
2024-09-05 15:38:18,138 [Worker-6: Launching mavenrun-281683de-1422-4548-9d76-53c695a7742c] INFO  o.eclipse.m2e.core.internal.Bundles - 	Entry: D:\sts-4.24.0.RELEASE\plugins\org.eclipse.m2e.maven.runtime_3.9.700.20240602-2313\jars\maven-resolver-transport-wagon-1.9.20.jar
2024-09-05 15:38:18,138 [Worker-6: Launching mavenrun-281683de-1422-4548-9d76-53c695a7742c] INFO  o.eclipse.m2e.core.internal.Bundles - 	Entry: D:\sts-4.24.0.RELEASE\plugins\org.eclipse.m2e.maven.runtime_3.9.700.20240602-2313\jars\maven-resolver-util-1.9.20.jar
2024-09-05 15:38:18,138 [Worker-6: Launching mavenrun-281683de-1422-4548-9d76-53c695a7742c] INFO  o.eclipse.m2e.core.internal.Bundles - 	Entry: D:\sts-4.24.0.RELEASE\plugins\org.eclipse.m2e.maven.runtime_3.9.700.20240602-2313\jars\maven-settings-3.9.7.jar
2024-09-05 15:38:18,138 [Worker-6: Launching mavenrun-281683de-1422-4548-9d76-53c695a7742c] INFO  o.eclipse.m2e.core.internal.Bundles - 	Entry: D:\sts-4.24.0.RELEASE\plugins\org.eclipse.m2e.maven.runtime_3.9.700.20240602-2313\jars\maven-settings-builder-3.9.7.jar
2024-09-05 15:38:18,138 [Worker-6: Launching mavenrun-281683de-1422-4548-9d76-53c695a7742c] INFO  o.eclipse.m2e.core.internal.Bundles - 	Entry: D:\sts-4.24.0.RELEASE\plugins\org.eclipse.m2e.maven.runtime_3.9.700.20240602-2313\jars\maven-shared-utils-3.4.2.jar
2024-09-05 15:38:18,138 [Worker-6: Launching mavenrun-281683de-1422-4548-9d76-53c695a7742c] INFO  o.eclipse.m2e.core.internal.Bundles - 	Entry: D:\sts-4.24.0.RELEASE\plugins\org.eclipse.m2e.maven.runtime_3.9.700.20240602-2313\jars\org.eclipse.sisu.inject-0.9.0.M2.jar
2024-09-05 15:38:18,138 [Worker-6: Launching mavenrun-281683de-1422-4548-9d76-53c695a7742c] INFO  o.eclipse.m2e.core.internal.Bundles - 	Entry: D:\sts-4.24.0.RELEASE\plugins\org.eclipse.m2e.maven.runtime_3.9.700.20240602-2313\jars\org.eclipse.sisu.plexus-0.9.0.M2.jar
2024-09-05 15:38:18,138 [Worker-6: Launching mavenrun-281683de-1422-4548-9d76-53c695a7742c] INFO  o.eclipse.m2e.core.internal.Bundles - 	Entry: D:\sts-4.24.0.RELEASE\plugins\org.eclipse.m2e.maven.runtime_3.9.700.20240602-2313\jars\plexus-build-api-0.0.7.jar
2024-09-05 15:38:18,138 [Worker-6: Launching mavenrun-281683de-1422-4548-9d76-53c695a7742c] INFO  o.eclipse.m2e.core.internal.Bundles - 	Entry: D:\sts-4.24.0.RELEASE\plugins\org.eclipse.m2e.maven.runtime_3.9.700.20240602-2313\jars\plexus-build-api-1.2.0.jar
2024-09-05 15:38:18,139 [Worker-6: Launching mavenrun-281683de-1422-4548-9d76-53c695a7742c] INFO  o.eclipse.m2e.core.internal.Bundles - 	Entry: D:\sts-4.24.0.RELEASE\plugins\org.eclipse.m2e.maven.runtime_3.9.700.20240602-2313\jars\plexus-cipher-2.0.jar
2024-09-05 15:38:18,139 [Worker-6: Launching mavenrun-281683de-1422-4548-9d76-53c695a7742c] INFO  o.eclipse.m2e.core.internal.Bundles - 	Entry: D:\sts-4.24.0.RELEASE\plugins\org.eclipse.m2e.maven.runtime_3.9.700.20240602-2313\jars\plexus-classworlds-2.8.0.jar
2024-09-05 15:38:18,139 [Worker-6: Launching mavenrun-281683de-1422-4548-9d76-53c695a7742c] INFO  o.eclipse.m2e.core.internal.Bundles - 	Entry: D:\sts-4.24.0.RELEASE\plugins\org.eclipse.m2e.maven.runtime_3.9.700.20240602-2313\jars\plexus-component-annotations-2.1.0.jar
2024-09-05 15:38:18,139 [Worker-6: Launching mavenrun-281683de-1422-4548-9d76-53c695a7742c] INFO  o.eclipse.m2e.core.internal.Bundles - 	Entry: D:\sts-4.24.0.RELEASE\plugins\org.eclipse.m2e.maven.runtime_3.9.700.20240602-2313\jars\plexus-interpolation-1.27.jar
2024-09-05 15:38:18,139 [Worker-6: Launching mavenrun-281683de-1422-4548-9d76-53c695a7742c] INFO  o.eclipse.m2e.core.internal.Bundles - 	Entry: D:\sts-4.24.0.RELEASE\plugins\org.eclipse.m2e.maven.runtime_3.9.700.20240602-2313\jars\plexus-sec-dispatcher-2.0.jar
2024-09-05 15:38:18,139 [Worker-6: Launching mavenrun-281683de-1422-4548-9d76-53c695a7742c] INFO  o.eclipse.m2e.core.internal.Bundles - 	Entry: D:\sts-4.24.0.RELEASE\plugins\org.eclipse.m2e.maven.runtime_3.9.700.20240602-2313\jars\plexus-utils-3.5.1.jar
2024-09-05 15:38:18,139 [Worker-6: Launching mavenrun-281683de-1422-4548-9d76-53c695a7742c] INFO  o.eclipse.m2e.core.internal.Bundles - 	Entry: D:\sts-4.24.0.RELEASE\plugins\org.eclipse.m2e.maven.runtime_3.9.700.20240602-2313\jars\wagon-file-3.5.3.jar
2024-09-05 15:38:18,139 [Worker-6: Launching mavenrun-281683de-1422-4548-9d76-53c695a7742c] INFO  o.eclipse.m2e.core.internal.Bundles - 	Entry: D:\sts-4.24.0.RELEASE\plugins\org.eclipse.m2e.maven.runtime_3.9.700.20240602-2313\jars\wagon-http-3.5.3.jar
2024-09-05 15:38:18,139 [Worker-6: Launching mavenrun-281683de-1422-4548-9d76-53c695a7742c] INFO  o.eclipse.m2e.core.internal.Bundles - 	Entry: D:\sts-4.24.0.RELEASE\plugins\org.eclipse.m2e.maven.runtime_3.9.700.20240602-2313\jars\wagon-http-shared-3.5.3.jar
2024-09-05 15:38:18,139 [Worker-6: Launching mavenrun-281683de-1422-4548-9d76-53c695a7742c] INFO  o.eclipse.m2e.core.internal.Bundles - 	Entry: D:\sts-4.24.0.RELEASE\plugins\org.eclipse.m2e.maven.runtime_3.9.700.20240602-2313\jars\wagon-provider-api-3.5.3.jar
2024-09-05 15:38:18,141 [Worker-6: Launching mavenrun-281683de-1422-4548-9d76-53c695a7742c] INFO  o.eclipse.m2e.core.internal.Bundles - getClasspathEntries(Bundle=com.google.guava_33.2.0.jre [29])
2024-09-05 15:38:18,141 [Worker-6: Launching mavenrun-281683de-1422-4548-9d76-53c695a7742c] INFO  o.eclipse.m2e.core.internal.Bundles - 	Entry: D:\sts-4.24.0.RELEASE\plugins\com.google.guava_33.2.0.jre.jar
2024-09-05 15:38:18,141 [Worker-6: Launching mavenrun-281683de-1422-4548-9d76-53c695a7742c] INFO  o.eclipse.m2e.core.internal.Bundles - getClasspathEntries(Bundle=slf4j.api_2.0.13 [592])
2024-09-05 15:38:18,141 [Worker-6: Launching mavenrun-281683de-1422-4548-9d76-53c695a7742c] INFO  o.eclipse.m2e.core.internal.Bundles - 	Entry: D:\sts-4.24.0.RELEASE\plugins\slf4j.api_2.0.13.jar
2024-09-05 15:38:18,141 [Worker-6: Launching mavenrun-281683de-1422-4548-9d76-53c695a7742c] INFO  o.eclipse.m2e.core.internal.Bundles - getClasspathEntries(Bundle=jakarta.inject.jakarta.inject-api_1.0.5 [44])
2024-09-05 15:38:18,141 [Worker-6: Launching mavenrun-281683de-1422-4548-9d76-53c695a7742c] INFO  o.eclipse.m2e.core.internal.Bundles - 	Entry: D:\sts-4.24.0.RELEASE\plugins\jakarta.inject.jakarta.inject-api_1.0.5.jar
2024-09-05 15:38:18,141 [Worker-6: Launching mavenrun-281683de-1422-4548-9d76-53c695a7742c] INFO  o.eclipse.m2e.core.internal.Bundles - getClasspathEntries(Bundle=javax.annotation_1.3.5.v20200909-1856 [53])
2024-09-05 15:38:18,142 [Worker-6: Launching mavenrun-281683de-1422-4548-9d76-53c695a7742c] INFO  o.eclipse.m2e.core.internal.Bundles - 	Entry: D:\sts-4.24.0.RELEASE\plugins\javax.annotation_1.3.5.v20200909-1856.jar
2024-09-05 15:38:18,142 [Worker-6: Launching mavenrun-281683de-1422-4548-9d76-53c695a7742c] INFO  o.eclipse.m2e.core.internal.Bundles - getClasspathEntries(Bundle=org.apache.commons.cli_1.8.0 [76])
2024-09-05 15:38:18,142 [Worker-6: Launching mavenrun-281683de-1422-4548-9d76-53c695a7742c] INFO  o.eclipse.m2e.core.internal.Bundles - 	Entry: D:\sts-4.24.0.RELEASE\plugins\org.apache.commons.cli_1.8.0.jar
2024-09-05 15:38:18,142 [Worker-6: Launching mavenrun-281683de-1422-4548-9d76-53c695a7742c] INFO  o.eclipse.m2e.core.internal.Bundles - getClasspathEntries(Bundle=org.apache.commons.commons-codec_1.16.0 [78])
2024-09-05 15:38:18,142 [Worker-6: Launching mavenrun-281683de-1422-4548-9d76-53c695a7742c] INFO  o.eclipse.m2e.core.internal.Bundles - 	Entry: D:\sts-4.24.0.RELEASE\plugins\org.apache.commons.commons-codec_1.16.0.jar
2024-09-05 15:38:18,142 [Worker-6: Launching mavenrun-281683de-1422-4548-9d76-53c695a7742c] INFO  o.eclipse.m2e.core.internal.Bundles - getClasspathEntries(Bundle=org.apache.commons.lang3_3.14.0 [82])
2024-09-05 15:38:18,142 [Worker-6: Launching mavenrun-281683de-1422-4548-9d76-53c695a7742c] INFO  o.eclipse.m2e.core.internal.Bundles - 	Entry: D:\sts-4.24.0.RELEASE\plugins\org.apache.commons.lang3_3.14.0.jar
2024-09-05 15:38:18,142 [Worker-6: Launching mavenrun-281683de-1422-4548-9d76-53c695a7742c] INFO  o.eclipse.m2e.core.internal.Bundles - getClasspathEntries(Bundle=com.google.guava.failureaccess_1.0.2 [30])
2024-09-05 15:38:18,142 [Worker-6: Launching mavenrun-281683de-1422-4548-9d76-53c695a7742c] INFO  o.eclipse.m2e.core.internal.Bundles - 	Entry: D:\sts-4.24.0.RELEASE\plugins\com.google.guava.failureaccess_1.0.2.jar
2024-09-05 15:38:18,153 [Worker-6: Launching mavenrun-281683de-1422-4548-9d76-53c695a7742c] INFO  o.e.m.i.launch.MavenLaunchDelegate - Run build in "C:\Users\Saitech\AppData\Local\Temp\m2e-archetypeGenerator10077227226546577375":
2024-09-05 15:38:18,157 [Worker-6: Launching mavenrun-281683de-1422-4548-9d76-53c695a7742c] INFO  o.e.m.i.launch.MavenLaunchDelegate -  mvn  -DarchetypeGroupId=org.apache.maven.archetypes -DarchetypeArtifactId=maven-archetype-quickstart -DarchetypeVersion=1.1 -DgroupId=appsoft -DartifactId=mvndemo -Dversion=0.0.1-SNAPSHOT -Dpackage=appsoft.mvndemo -DoutputDirectory="D:\java internship\Maven" -Dstyle.color=always -U archetype:generate
2024-09-05 15:38:52,367 [Worker-0: Creating maven-archetype-quickstart] INFO  o.e.m.c.i.p.ProjectConfigurationManager - Collecting project info '/pom.xml' D:\java internship\Maven\mvndemo\pom.xml
2024-09-05 15:38:53,144 [Worker-0: Creating maven-archetype-quickstart] INFO  o.e.m.c.i.l.LifecycleMappingFactory - Using org.eclipse.m2e.jdt.JarLifecycleMapping lifecycle mapping for MavenProject: appsoft:mvndemo:0.0.1-SNAPSHOT @ D:\java internship\Maven\mvndemo\pom.xml.
2024-09-05 15:38:54,094 [Worker-0: Creating maven-archetype-quickstart] INFO  o.e.m.j.i.AbstractJavaProjectConfigurator - Adding source folder /mvndemo/src/main/java
2024-09-05 15:38:54,096 [Worker-0: Creating maven-archetype-quickstart] INFO  o.e.m.j.i.AbstractJavaProjectConfigurator - Adding resource folder /mvndemo/src/main/resources
2024-09-05 15:38:54,098 [Worker-0: Creating maven-archetype-quickstart] INFO  o.e.m.j.i.AbstractJavaProjectConfigurator - Adding source folder /mvndemo/src/test/java
2024-09-05 15:38:54,099 [Worker-0: Creating maven-archetype-quickstart] INFO  o.e.m.j.i.AbstractJavaProjectConfigurator - Adding resource folder /mvndemo/src/test/resources
2024-09-05 15:38:54,187 [Worker-0: Creating maven-archetype-quickstart] INFO  o.e.m.c.i.p.ProjectConfigurationManager - Imported and configured 1 project(s) in 1 sec
2024-09-05 15:38:55,472 [Worker-11: Building] INFO  o.a.m.s.f.DefaultMavenResourcesFiltering - skip non existing resourceDirectory D:\java internship\Maven\mvndemo\src\main\resources
2024-09-05 15:38:55,478 [Worker-11: Building] INFO  o.a.m.s.f.DefaultMavenResourcesFiltering - skip non existing resourceDirectory D:\java internship\Maven\mvndemo\src\test\resources
2024-09-05 15:40:13,896 [Worker-11: Building] INFO  o.e.m.c.i.l.LifecycleMappingFactory - Using org.eclipse.m2e.jdt.JarLifecycleMapping lifecycle mapping for MavenProject: appsoft:mvndemo:0.0.1-SNAPSHOT @ D:\java internship\Maven\mvndemo\pom.xml.
2024-09-05 15:40:14,051 [Worker-11: Building] INFO  o.a.m.s.f.DefaultMavenResourcesFiltering - skip non existing resourceDirectory D:\java internship\Maven\mvndemo\src\main\resources
2024-09-05 15:40:14,055 [Worker-11: Building] INFO  o.a.m.s.f.DefaultMavenResourcesFiltering - skip non existing resourceDirectory D:\java internship\Maven\mvndemo\src\test\resources
2024-09-05 15:40:15,405 [Worker-6: Building] INFO  o.a.m.s.f.DefaultMavenResourcesFiltering - skip non existing resourceDirectory D:\java internship\Maven\mvndemo\src\main\resources
2024-09-05 15:40:15,407 [Worker-6: Building] INFO  o.a.m.s.f.DefaultMavenResourcesFiltering - skip non existing resourceDirectory D:\java internship\Maven\mvndemo\src\test\resources
2024-09-05 15:41:31,480 [Worker-12: Building] INFO  o.e.m.c.i.l.LifecycleMappingFactory - Using org.eclipse.m2e.jdt.JarLifecycleMapping lifecycle mapping for MavenProject: appsoft:mvndemo:0.0.1-SNAPSHOT @ D:\java internship\Maven\mvndemo\pom.xml.
2024-09-05 15:41:31,936 [Worker-12: Building] INFO  o.e.m.c.i.e.AbstractTransferListenerAdapter - Downloading https://repo.maven.apache.org/maven2/org/hibernate/hibernate-core/7.0.0.Beta1/hibernate-core-7.0.0.Beta1.pom
2024-09-05 15:41:31,961 [Worker-12: Building] INFO  o.e.m.c.i.e.AbstractTransferListenerAdapter - Downloaded https://repo.maven.apache.org/maven2/org/hibernate/hibernate-core/7.0.0.Beta1/hibernate-core-7.0.0.Beta1.pom
2024-09-05 15:41:32,072 [Worker-12: Building] INFO  o.e.m.c.i.e.AbstractTransferListenerAdapter - Downloading https://repo.maven.apache.org/maven2/org/hibernate/orm/hibernate-core/7.0.0.Beta1/hibernate-core-7.0.0.Beta1.pom
2024-09-05 15:41:32,079 [Worker-12: Building] INFO  o.e.m.c.i.e.AbstractTransferListenerAdapter - Downloaded https://repo.maven.apache.org/maven2/org/hibernate/orm/hibernate-core/7.0.0.Beta1/hibernate-core-7.0.0.Beta1.pom
2024-09-05 15:41:32,181 [Worker-12: Building] INFO  o.e.m.c.i.e.AbstractTransferListenerAdapter - Downloading https://repo.maven.apache.org/maven2/jakarta/persistence/jakarta.persistence-api/3.2.0-M2/jakarta.persistence-api-3.2.0-M2.pom
2024-09-05 15:41:32,200 [Worker-12: Building] INFO  o.e.m.c.i.e.AbstractTransferListenerAdapter - Downloaded https://repo.maven.apache.org/maven2/jakarta/persistence/jakarta.persistence-api/3.2.0-M2/jakarta.persistence-api-3.2.0-M2.pom
2024-09-05 15:41:32,320 [Worker-12: Building] INFO  o.e.m.c.i.e.AbstractTransferListenerAdapter - Downloading https://repo.maven.apache.org/maven2/org/hibernate/models/hibernate-models/0.8.6/hibernate-models-0.8.6.pom
2024-09-05 15:41:32,327 [Worker-12: Building] INFO  o.e.m.c.i.e.AbstractTransferListenerAdapter - Downloaded https://repo.maven.apache.org/maven2/org/hibernate/models/hibernate-models/0.8.6/hibernate-models-0.8.6.pom
2024-09-05 15:41:32,436 [Worker-12: Building] INFO  o.e.m.c.i.e.AbstractTransferListenerAdapter - Downloading https://repo.maven.apache.org/maven2/io/smallrye/jandex/3.2.0/jandex-3.2.0.pom
2024-09-05 15:41:32,446 [Worker-12: Building] INFO  o.e.m.c.i.e.AbstractTransferListenerAdapter - Downloaded https://repo.maven.apache.org/maven2/io/smallrye/jandex/3.2.0/jandex-3.2.0.pom
2024-09-05 15:41:32,543 [Worker-12: Building] INFO  o.e.m.c.i.e.AbstractTransferListenerAdapter - Downloading https://repo.maven.apache.org/maven2/io/smallrye/jandex-parent/3.2.0/jandex-parent-3.2.0.pom
2024-09-05 15:41:32,552 [Worker-12: Building] INFO  o.e.m.c.i.e.AbstractTransferListenerAdapter - Downloaded https://repo.maven.apache.org/maven2/io/smallrye/jandex-parent/3.2.0/jandex-parent-3.2.0.pom
2024-09-05 15:41:32,652 [Worker-12: Building] INFO  o.e.m.c.i.e.AbstractTransferListenerAdapter - Downloading https://repo.maven.apache.org/maven2/io/smallrye/smallrye-build-parent/42/smallrye-build-parent-42.pom
2024-09-05 15:41:32,697 [Worker-12: Building] INFO  o.e.m.c.i.e.AbstractTransferListenerAdapter - Downloaded https://repo.maven.apache.org/maven2/io/smallrye/smallrye-build-parent/42/smallrye-build-parent-42.pom
2024-09-05 15:41:32,782 [Worker-12: Building] WARN  o.e.m.c.i.embedder.EclipseLogger - The artifact org.hibernate:hibernate-core:pom:7.0.0.Beta1 has been relocated to org.hibernate.orm:hibernate-core:pom:7.0.0.Beta1
2024-09-05 15:41:32,899 [Worker-12: Building] INFO  o.e.m.c.i.e.AbstractTransferListenerAdapter - Downloading https://repo.maven.apache.org/maven2/jakarta/persistence/jakarta.persistence-api/3.2.0-M2/jakarta.persistence-api-3.2.0-M2.jar
2024-09-05 15:41:33,050 [Worker-12: Building] INFO  o.e.m.c.i.e.AbstractTransferListenerAdapter - Downloaded https://repo.maven.apache.org/maven2/jakarta/persistence/jakarta.persistence-api/3.2.0-M2/jakarta.persistence-api-3.2.0-M2.jar
2024-09-05 15:41:33,144 [BasicRepositoryConnector-repo.maven.apache.org-0-0] INFO  o.e.m.c.i.e.AbstractTransferListenerAdapter - Downloading https://repo.maven.apache.org/maven2/org/hibernate/models/hibernate-models/0.8.6/hibernate-models-0.8.6.jar
2024-09-05 15:41:33,228 [BasicRepositoryConnector-repo.maven.apache.org-0-0] INFO  o.e.m.c.i.e.AbstractTransferListenerAdapter - Downloaded https://repo.maven.apache.org/maven2/org/hibernate/models/hibernate-models/0.8.6/hibernate-models-0.8.6.jar
2024-09-05 15:41:33,340 [BasicRepositoryConnector-repo.maven.apache.org-0-1] INFO  o.e.m.c.i.e.AbstractTransferListenerAdapter - Downloading https://repo.maven.apache.org/maven2/io/smallrye/jandex/3.2.0/jandex-3.2.0.jar
2024-09-05 15:41:33,667 [BasicRepositoryConnector-repo.maven.apache.org-0-1] INFO  o.e.m.c.i.e.AbstractTransferListenerAdapter - Downloaded https://repo.maven.apache.org/maven2/io/smallrye/jandex/3.2.0/jandex-3.2.0.jar
2024-09-05 15:41:33,853 [Worker-12: Building] INFO  o.a.m.s.f.DefaultMavenResourcesFiltering - skip non existing resourceDirectory D:\java internship\Maven\mvndemo\src\main\resources
2024-09-05 15:41:33,857 [Worker-12: Building] INFO  o.a.m.s.f.DefaultMavenResourcesFiltering - skip non existing resourceDirectory D:\java internship\Maven\mvndemo\src\test\resources
2024-09-05 15:41:34,998 [Worker-15: Download sources and javadoc] INFO  o.e.m.c.i.e.AbstractTransferListenerAdapter - Downloading https://repo.maven.apache.org/maven2/jakarta/persistence/jakarta.persistence-api/3.2.0-M2/jakarta.persistence-api-3.2.0-M2-sources.jar
2024-09-05 15:41:35,248 [Worker-1: Building] INFO  o.a.m.s.f.DefaultMavenResourcesFiltering - skip non existing resourceDirectory D:\java internship\Maven\mvndemo\src\main\resources
2024-09-05 15:41:35,250 [Worker-1: Building] INFO  o.a.m.s.f.DefaultMavenResourcesFiltering - skip non existing resourceDirectory D:\java internship\Maven\mvndemo\src\test\resources
2024-09-05 15:41:35,316 [Worker-15: Download sources and javadoc] INFO  o.e.m.c.i.e.AbstractTransferListenerAdapter - Downloaded https://repo.maven.apache.org/maven2/jakarta/persistence/jakarta.persistence-api/3.2.0-M2/jakarta.persistence-api-3.2.0-M2-sources.jar
2024-09-05 15:41:35,320 [Worker-15: Download sources and javadoc] INFO  o.e.m.j.internal.DownloadSourcesJob - Downloaded sources for jakarta.persistence:jakarta.persistence-api:3.2.0-M2
2024-09-05 15:41:35,606 [Worker-15: Download sources and javadoc] INFO  o.e.m.c.i.e.AbstractTransferListenerAdapter - Downloading https://repo.maven.apache.org/maven2/org/hibernate/models/hibernate-models/0.8.6/hibernate-models-0.8.6-sources.jar
2024-09-05 15:41:35,838 [Worker-15: Download sources and javadoc] INFO  o.e.m.c.i.e.AbstractTransferListenerAdapter - Downloaded https://repo.maven.apache.org/maven2/org/hibernate/models/hibernate-models/0.8.6/hibernate-models-0.8.6-sources.jar
2024-09-05 15:41:35,843 [Worker-15: Download sources and javadoc] INFO  o.e.m.j.internal.DownloadSourcesJob - Downloaded sources for org.hibernate.models:hibernate-models:0.8.6
2024-09-05 15:41:36,149 [Worker-15: Download sources and javadoc] INFO  o.e.m.c.i.e.AbstractTransferListenerAdapter - Downloading https://repo.maven.apache.org/maven2/io/smallrye/jandex/3.2.0/jandex-3.2.0-sources.jar
2024-09-05 15:41:36,418 [Worker-15: Download sources and javadoc] INFO  o.e.m.c.i.e.AbstractTransferListenerAdapter - Downloaded https://repo.maven.apache.org/maven2/io/smallrye/jandex/3.2.0/jandex-3.2.0-sources.jar
2024-09-05 15:41:36,422 [Worker-15: Download sources and javadoc] INFO  o.e.m.j.internal.DownloadSourcesJob - Downloaded sources for io.smallrye:jandex:3.2.0
2024-09-05 15:51:00,854 [Worker-18: Building] INFO  o.e.m.c.i.l.LifecycleMappingFactory - Using org.eclipse.m2e.jdt.JarLifecycleMapping lifecycle mapping for MavenProject: appsoft:mvndemo:0.0.1-SNAPSHOT @ D:\java internship\Maven\mvndemo\pom.xml.
2024-09-05 15:51:01,108 [Worker-18: Building] INFO  o.a.m.s.f.DefaultMavenResourcesFiltering - skip non existing resourceDirectory D:\java internship\Maven\mvndemo\src\main\resources
2024-09-05 15:51:01,111 [Worker-18: Building] INFO  o.a.m.s.f.DefaultMavenResourcesFiltering - skip non existing resourceDirectory D:\java internship\Maven\mvndemo\src\test\resources
2024-09-05 15:51:02,630 [Worker-20: Building] INFO  o.a.m.s.f.DefaultMavenResourcesFiltering - skip non existing resourceDirectory D:\java internship\Maven\mvndemo\src\main\resources
2024-09-05 15:51:02,633 [Worker-20: Building] INFO  o.a.m.s.f.DefaultMavenResourcesFiltering - skip non existing resourceDirectory D:\java internship\Maven\mvndemo\src\test\resources
2024-09-05 15:51:05,076 [Worker-20: Building] INFO  o.e.m.c.i.l.LifecycleMappingFactory - Using org.eclipse.m2e.jdt.JarLifecycleMapping lifecycle mapping for MavenProject: appsoft:mvndemo:0.0.1-SNAPSHOT @ D:\java internship\Maven\mvndemo\pom.xml.
2024-09-05 15:51:05,218 [Worker-20: Building] WARN  o.e.m.c.i.embedder.EclipseLogger - The artifact org.hibernate:hibernate-core:pom:7.0.0.Beta1 has been relocated to org.hibernate.orm:hibernate-core:pom:7.0.0.Beta1
2024-09-05 15:51:05,345 [Worker-20: Building] INFO  o.a.m.s.f.DefaultMavenResourcesFiltering - skip non existing resourceDirectory D:\java internship\Maven\mvndemo\src\main\resources
2024-09-05 15:51:05,347 [Worker-20: Building] INFO  o.a.m.s.f.DefaultMavenResourcesFiltering - skip non existing resourceDirectory D:\java internship\Maven\mvndemo\src\test\resources
2024-09-05 15:51:06,608 [Worker-15: Building] INFO  o.a.m.s.f.DefaultMavenResourcesFiltering - skip non existing resourceDirectory D:\java internship\Maven\mvndemo\src\main\resources
2024-09-05 15:51:06,610 [Worker-15: Building] INFO  o.a.m.s.f.DefaultMavenResourcesFiltering - skip non existing resourceDirectory D:\java internship\Maven\mvndemo\src\test\resources
2024-09-05 18:09:55,688 [Worker-1: Loading available Gradle versions] INFO  o.e.b.c.i.u.g.PublishedGradleVersions - Gradle version information cache is up-to-date. Trying to read.
2024-09-05 18:09:57,604 [Worker-0: reload maven project] WARN  o.e.m.c.i.embedder.EclipseLogger - The artifact org.hibernate:hibernate-core:pom:7.0.0.Beta1 has been relocated to org.hibernate.orm:hibernate-core:pom:7.0.0.Beta1
2024-09-13 07:45:36,874 [Worker-5: Loading available Gradle versions] INFO  o.e.b.c.i.u.g.PublishedGradleVersions - Gradle version information cache is up-to-date. Trying to read.
2024-09-13 07:45:37,861 [Worker-3: reload maven project] WARN  o.e.m.c.i.embedder.EclipseLogger - The artifact org.hibernate:hibernate-core:pom:7.0.0.Beta1 has been relocated to org.hibernate.orm:hibernate-core:pom:7.0.0.Beta1
